[0.498s] Invoking command in '/home/zak/ros2_ws/src/my_robot_controller': PYTHONPATH=/home/zak/ros2_ws/build/my_robot_controller/prefix_override:/home/zak/ros2_ws/install/my_robot_controller/lib/python3.10/site-packages:${PYTHONPATH} /usr/bin/python3 -W ignore:setup.py install is deprecated setup.py egg_info --egg-base ../../build/my_robot_controller build --build-base /home/zak/ros2_ws/build/my_robot_controller/build install --record /home/zak/ros2_ws/build/my_robot_controller/install.log --single-version-externally-managed install_data
[0.665s] running egg_info
[0.666s] writing ../../build/my_robot_controller/my_robot_controller.egg-info/PKG-INFO
[0.667s] writing dependency_links to ../../build/my_robot_controller/my_robot_controller.egg-info/dependency_links.txt
[0.667s] writing entry points to ../../build/my_robot_controller/my_robot_controller.egg-info/entry_points.txt
[0.675s] writing requirements to ../../build/my_robot_controller/my_robot_controller.egg-info/requires.txt
[0.675s] writing top-level names to ../../build/my_robot_controller/my_robot_controller.egg-info/top_level.txt
[0.677s] reading manifest file '../../build/my_robot_controller/my_robot_controller.egg-info/SOURCES.txt'
[0.678s] writing manifest file '../../build/my_robot_controller/my_robot_controller.egg-info/SOURCES.txt'
[0.678s] running build
[0.678s] running build_py
[0.678s] copying my_robot_controller/my_first_node.py -> /home/zak/ros2_ws/build/my_robot_controller/build/lib/my_robot_controller
[0.679s] running install
[0.679s] running install_lib
[0.679s] copying /home/zak/ros2_ws/build/my_robot_controller/build/lib/my_robot_controller/my_first_node.py -> /home/zak/ros2_ws/install/my_robot_controller/lib/python3.10/site-packages/my_robot_controller
[0.680s] byte-compiling /home/zak/ros2_ws/install/my_robot_controller/lib/python3.10/site-packages/my_robot_controller/my_first_node.py to my_first_node.cpython-310.pyc
[0.680s] running install_data
[0.680s] running install_egg_info
[0.685s] removing '/home/zak/ros2_ws/install/my_robot_controller/lib/python3.10/site-packages/my_robot_controller-0.0.0-py3.10.egg-info' (and everything under it)
[0.685s] Copying ../../build/my_robot_controller/my_robot_controller.egg-info to /home/zak/ros2_ws/install/my_robot_controller/lib/python3.10/site-packages/my_robot_controller-0.0.0-py3.10.egg-info
[0.687s] running install_scripts
[0.705s] Installing test_node script to /home/zak/ros2_ws/install/my_robot_controller/lib/my_robot_controller
[0.705s] writing list of installed files to '/home/zak/ros2_ws/build/my_robot_controller/install.log'
[0.726s] Invoked command in '/home/zak/ros2_ws/src/my_robot_controller' returned '0': PYTHONPATH=/home/zak/ros2_ws/build/my_robot_controller/prefix_override:/home/zak/ros2_ws/install/my_robot_controller/lib/python3.10/site-packages:${PYTHONPATH} /usr/bin/python3 -W ignore:setup.py install is deprecated setup.py egg_info --egg-base ../../build/my_robot_controller build --build-base /home/zak/ros2_ws/build/my_robot_controller/build install --record /home/zak/ros2_ws/build/my_robot_controller/install.log --single-version-externally-managed install_data
