[0.608s] Invoking command in '/home/zak/ros2_ws/src/my_robot_controller': PYTHONPATH=/home/zak/ros2_ws/build/my_robot_controller/prefix_override:/home/zak/ros2_ws/install/my_robot_controller/lib/python3.10/site-packages:${PYTHONPATH} /usr/bin/python3 -W ignore:setup.py install is deprecated setup.py egg_info --egg-base ../../build/my_robot_controller build --build-base /home/zak/ros2_ws/build/my_robot_controller/build install --record /home/zak/ros2_ws/build/my_robot_controller/install.log --single-version-externally-managed install_data
[0.796s] running egg_info
[0.796s] creating ../../build/my_robot_controller/my_robot_controller.egg-info
[0.796s] writing ../../build/my_robot_controller/my_robot_controller.egg-info/PKG-INFO
[0.796s] writing dependency_links to ../../build/my_robot_controller/my_robot_controller.egg-info/dependency_links.txt
[0.796s] writing entry points to ../../build/my_robot_controller/my_robot_controller.egg-info/entry_points.txt
[0.796s] writing requirements to ../../build/my_robot_controller/my_robot_controller.egg-info/requires.txt
[0.796s] writing top-level names to ../../build/my_robot_controller/my_robot_controller.egg-info/top_level.txt
[0.796s] writing manifest file '../../build/my_robot_controller/my_robot_controller.egg-info/SOURCES.txt'
[0.798s] reading manifest file '../../build/my_robot_controller/my_robot_controller.egg-info/SOURCES.txt'
[0.798s] writing manifest file '../../build/my_robot_controller/my_robot_controller.egg-info/SOURCES.txt'
[0.799s] running build
[0.799s] running build_py
[0.799s] creating /home/zak/ros2_ws/build/my_robot_controller/build
[0.799s] creating /home/zak/ros2_ws/build/my_robot_controller/build/lib
[0.799s] creating /home/zak/ros2_ws/build/my_robot_controller/build/lib/my_robot_controller
[0.799s] copying my_robot_controller/__init__.py -> /home/zak/ros2_ws/build/my_robot_controller/build/lib/my_robot_controller
[0.799s] running install
[0.799s] running install_lib
[0.800s] creating /home/zak/ros2_ws/install/my_robot_controller/lib/python3.10/site-packages/my_robot_controller
[0.800s] copying /home/zak/ros2_ws/build/my_robot_controller/build/lib/my_robot_controller/__init__.py -> /home/zak/ros2_ws/install/my_robot_controller/lib/python3.10/site-packages/my_robot_controller
[0.800s] byte-compiling /home/zak/ros2_ws/install/my_robot_controller/lib/python3.10/site-packages/my_robot_controller/__init__.py to __init__.cpython-310.pyc
[0.800s] running install_data
[0.800s] creating /home/zak/ros2_ws/install/my_robot_controller/share/ament_index
[0.801s] creating /home/zak/ros2_ws/install/my_robot_controller/share/ament_index/resource_index
[0.801s] creating /home/zak/ros2_ws/install/my_robot_controller/share/ament_index/resource_index/packages
[0.801s] copying resource/my_robot_controller -> /home/zak/ros2_ws/install/my_robot_controller/share/ament_index/resource_index/packages
[0.801s] copying package.xml -> /home/zak/ros2_ws/install/my_robot_controller/share/my_robot_controller
[0.801s] running install_egg_info
[0.803s] Copying ../../build/my_robot_controller/my_robot_controller.egg-info to /home/zak/ros2_ws/install/my_robot_controller/lib/python3.10/site-packages/my_robot_controller-0.0.0-py3.10.egg-info
[0.804s] running install_scripts
[0.818s] writing list of installed files to '/home/zak/ros2_ws/build/my_robot_controller/install.log'
[0.836s] Invoked command in '/home/zak/ros2_ws/src/my_robot_controller' returned '0': PYTHONPATH=/home/zak/ros2_ws/build/my_robot_controller/prefix_override:/home/zak/ros2_ws/install/my_robot_controller/lib/python3.10/site-packages:${PYTHONPATH} /usr/bin/python3 -W ignore:setup.py install is deprecated setup.py egg_info --egg-base ../../build/my_robot_controller build --build-base /home/zak/ros2_ws/build/my_robot_controller/build install --record /home/zak/ros2_ws/build/my_robot_controller/install.log --single-version-externally-managed install_data
